<?xml version="1.0" encoding="UTF-8"?>
<testsuite xmlns:xsi="http://www.w3.org/2001/XMLSchema-instance" xsi:noNamespaceSchemaLocation="https://maven.apache.org/surefire/maven-surefire-plugin/xsd/surefire-test-report.xsd" name="org.busticket.DatabaseTest" time="0.992" tests="15" errors="0" skipped="0" failures="0">
  <properties>
[...]
</properties>
  <testcase name="showBuses" classname="org.busticket.DatabaseTest" time="0"/>
  <testcase name="loginAdmin" classname="org.busticket.DatabaseTest" time="0"/>
  <testcase name="addCityBus" classname="org.busticket.DatabaseTest" time="0"/>
  <testcase name="addInterCityBus" classname="org.busticket.DatabaseTest" time="0"/>
  <testcase name="getCityBuses" classname="org.busticket.DatabaseTest" time="0"/>
  <testcase name="getConnection" classname="org.busticket.DatabaseTest" time="0.903"/>
  <testcase name="registerClient" classname="org.busticket.DatabaseTest" time="0.002"/>
  <testcase name="showTickets" classname="org.busticket.DatabaseTest" time="0.002"/>
  <testcase name="showClientTickets" classname="org.busticket.DatabaseTest" time="0.001"/>
  <testcase name="buyTicket" classname="org.busticket.DatabaseTest" time="0"/>
  <testcase name="getTickets" classname="org.busticket.DatabaseTest" time="0"/>
  <testcase name="closeConnection" classname="org.busticket.DatabaseTest" time="0.075"/>
  <testcase name="loginClient" classname="org.busticket.DatabaseTest" time="0.001"/>
  <testcase name="getInterCityBuses" classname="org.busticket.DatabaseTest" time="0"/>
  <testcase name="showClients" classname="org.busticket.DatabaseTest" time="0.001"/>
</testsuite>